[2020-03-05 01:01:32,180] mock_server.py->get_task line:22 [INFO]request params：task/page
[2020-03-05 01:01:32,183] mock_server.py->get_task line:30 [INFO]preprocess params：{'page':1, 'type':'mac'}
[2020-03-05 01:01:32,183] db.py->select_one line:63 [INFO]db condition: SELECT param_response FROM relation WHERE url_interface="task/page" AND param_request="{'page':1, 'type':'mac'}" AND status=1
[2020-03-05 01:01:32,185] mock_server.py->get_task line:32 [INFO]db result：{'code': '0000', 'message': '执行单条查询操作成功', 'data': {'param_response': '{"code": 1, "message": "成功"}'}}
[2020-03-05 01:02:27,944] mock_server.py->get_task line:22 [INFO]request params：task/page
[2020-03-05 01:02:27,944] mock_server.py->get_task line:30 [INFO]preprocess params：{'page':1, 'type':'mac'}
[2020-03-05 01:02:27,947] db.py->select_one line:63 [INFO]db condition: SELECT param_response FROM relation WHERE url_interface="task/page" AND param_request="{'page':1, 'type':'mac'}" AND status=1
[2020-03-05 01:02:27,948] mock_server.py->get_task line:32 [INFO]db result：{'code': '0000', 'message': '执行单条查询操作成功', 'data': {'param_response': '{"code": 1, "message": "成功"}'}}
[2020-03-05 01:08:41,686] mock_server.py->get_task line:22 [INFO]request params：task/page
[2020-03-05 01:08:41,686] mock_server.py->get_task line:30 [INFO]preprocess params：{'page':1, 'type': 'os'}
[2020-03-05 01:08:41,687] db.py->select_one line:63 [INFO]db condition: SELECT param_response FROM relation WHERE url_interface="task/page" AND param_request="{'page':1, 'type': 'os'}" AND status=1
[2020-03-05 01:08:41,688] mock_server.py->get_task line:32 [INFO]db result：{'code': '0000', 'message': '执行单条查询操作成功', 'data': {'param_response': "{'code': 1, 'message': 'os'}"}}
[2020-03-05 01:08:57,959] mock_server.py->get_task line:22 [INFO]request params：task/page
[2020-03-05 01:08:57,960] mock_server.py->get_task line:30 [INFO]preprocess params：page=1&type=
[2020-03-05 01:08:57,960] db.py->select_one line:63 [INFO]db condition: SELECT param_response FROM relation WHERE url_interface="task/page" AND param_request="page=1&type=" AND status=1
[2020-03-05 01:08:57,961] mock_server.py->get_task line:32 [INFO]db result：{'code': '0000', 'message': '执行单条查询操作成功', 'data': []}
[2020-03-05 01:12:21,947] mock_server.py->get_task line:22 [INFO]request params：task/page
[2020-03-05 01:12:21,948] mock_server.py->get_task line:30 [INFO]preprocess params：page=1&type=
[2020-03-05 01:12:21,948] db.py->select_one line:63 [INFO]db condition: SELECT param_response FROM relation WHERE url_interface="task/page" AND param_request="page=1&type=" AND status=1
[2020-03-05 01:12:21,950] mock_server.py->get_task line:32 [INFO]db result：{'data': [], 'code': '0000', 'message': '执行单条查询操作成功'}
[2020-03-05 01:12:42,500] mock_server.py->get_task line:22 [INFO]request params：task/index
[2020-03-05 01:12:42,500] mock_server.py->get_task line:30 [INFO]preprocess params：page=1&type=
[2020-03-05 01:12:42,501] db.py->select_one line:63 [INFO]db condition: SELECT param_response FROM relation WHERE url_interface="task/index" AND param_request="page=1&type=" AND status=1
[2020-03-05 01:12:42,502] mock_server.py->get_task line:32 [INFO]db result：{'data': {'param_response': "{'code': 1, 'message': 'params in null'}"}, 'code': '0000', 'message': '执行单条查询操作成功'}
[2020-03-05 01:18:44,592] mock_server.py->get_task line:22 [INFO]request params：task/index
[2020-03-05 01:18:44,593] mock_server.py->get_task line:30 [INFO]preprocess params：page=1&type=
[2020-03-05 01:18:44,593] db.py->select_one line:63 [INFO]db condition: SELECT param_response FROM relation WHERE url_interface="task/index" AND param_request="page=1&type=" AND status=1
[2020-03-05 01:18:44,595] mock_server.py->get_task line:32 [INFO]db result：{'message': '执行单条查询操作成功', 'data': {'param_response': "{'code': 1, 'message': 'params in null'}"}, 'code': '0000'}
[2020-03-05 01:21:20,941] mock_server.py->get_task line:22 [INFO]request params：task/index
[2020-03-05 01:21:20,942] mock_server.py->get_task line:30 [INFO]preprocess params：page=1&type=
[2020-03-05 01:21:20,943] db.py->select_one line:63 [INFO]db condition: SELECT param_response FROM relation WHERE url_interface="task/index" AND param_request="page=1&type=" AND status=1
[2020-03-05 01:21:20,945] mock_server.py->get_task line:32 [INFO]db result：{'code': '0000', 'message': '执行单条查询操作成功', 'data': {'param_response': '{"code": 1, "message": "params in null"}'}}
[2020-03-05 01:24:31,102] mock_server.py->get_task line:23 [INFO]request params：task/index
[2020-03-05 01:24:31,103] mock_server.py->get_task line:31 [INFO]preprocess params：page=1&type=
[2020-03-05 01:24:31,104] db.py->select_one line:63 [INFO]db condition: SELECT param_response FROM relation WHERE url_interface="task/index" AND param_request="page=1&type=" AND status=1
[2020-03-05 01:24:31,106] mock_server.py->get_task line:33 [INFO]db result：{'message': '执行单条查询操作成功', 'data': {'param_response': '{"code": 1, "message": "params in null"}'}, 'code': '0000'}
[2020-03-05 01:25:06,769] mock_server.py->get_task line:23 [INFO]request params：task/index
[2020-03-05 01:25:06,769] mock_server.py->get_task line:31 [INFO]preprocess params：page=1&type=
[2020-03-05 01:25:06,770] db.py->select_one line:63 [INFO]db condition: SELECT param_response FROM relation WHERE url_interface="task/index" AND param_request="page=1&type=" AND status=1
[2020-03-05 01:25:06,772] mock_server.py->get_task line:33 [INFO]db result：{'message': '执行单条查询操作成功', 'data': {'param_response': '{"code": 1, "message": "params in null"}'}, 'code': '0000'}
[2020-03-05 01:32:23,627] mock_server.py->get_task line:23 [INFO]request params：op/type/index
[2020-03-05 01:32:23,628] mock_server.py->get_task line:31 [INFO]preprocess params：<note>
<to>George</to>
<from>John</from>
</note>
[2020-03-05 01:32:23,628] db.py->select_one line:63 [INFO]db condition: SELECT param_response FROM relation WHERE url_interface="op/type/index" AND param_request="<note>
<to>George</to>
<from>John</from>
</note>" AND status=1
[2020-03-05 01:32:23,630] mock_server.py->get_task line:33 [INFO]db result：{'message': '执行单条查询操作成功', 'code': '0000', 'data': {'param_response': "<note>\r\n<to>George</to><body>Don't forget the meeting!</body>\r\n</note>"}}
[2020-03-05 01:34:00,663] mock_server.py->get_task line:23 [INFO]request params：op/type/index
[2020-03-05 01:34:00,664] mock_server.py->get_task line:31 [INFO]preprocess params：op=windows
[2020-03-05 01:34:00,664] db.py->select_one line:63 [INFO]db condition: SELECT param_response FROM relation WHERE url_interface="op/type/index" AND param_request="op=windows" AND status=1
[2020-03-05 01:34:00,665] mock_server.py->get_task line:33 [INFO]db result：{'message': '执行单条查询操作成功', 'code': '0000', 'data': []}
[2020-03-05 01:35:33,581] mock_server.py->get_task line:23 [INFO]request params：op/type/index
[2020-03-05 01:35:33,582] mock_server.py->get_task line:31 [INFO]preprocess params：op=windows
[2020-03-05 01:35:33,582] db.py->select_one line:63 [INFO]db condition: SELECT param_response FROM relation WHERE url_interface="op/type/index" AND param_request="op=windows" AND status=1
[2020-03-05 01:35:33,583] mock_server.py->get_task line:33 [INFO]db result：{'message': '执行单条查询操作成功', 'code': '0000', 'data': []}
[2020-03-05 01:36:02,551] mock_server.py->get_task line:23 [INFO]request params：op/type/index
[2020-03-05 01:36:02,551] mock_server.py->get_task line:31 [INFO]preprocess params：op=windows
[2020-03-05 01:36:02,552] db.py->select_one line:63 [INFO]db condition: SELECT param_response FROM relation WHERE url_interface="op/type/index" AND param_request="op=windows" AND status=1
[2020-03-05 01:36:02,554] mock_server.py->get_task line:33 [INFO]db result：{'code': '0000', 'data': {'param_response': "{'code': 0, 'message': 'success','data':[{'a':1},{'b':2}]}"}, 'message': '执行单条查询操作成功'}
[2020-03-05 01:37:30,444] mock_server.py->get_task line:24 [INFO]request params：op/type/index
[2020-03-05 01:37:30,444] mock_server.py->get_task line:32 [INFO]preprocess params：op=windows
[2020-03-05 01:37:30,445] db.py->select_one line:63 [INFO]db condition: SELECT param_response FROM relation WHERE url_interface="op/type/index" AND param_request="op=windows" AND status=1
[2020-03-05 01:37:30,447] mock_server.py->get_task line:34 [INFO]db result：{'data': {'param_response': "{'code': 0, 'message': 'success','data':[{'a':1},{'b':2}]}"}, 'message': '执行单条查询操作成功', 'code': '0000'}
[2020-03-05 01:37:44,547] mock_server.py->get_task line:24 [INFO]request params：op/type/index
[2020-03-05 01:37:44,547] mock_server.py->get_task line:32 [INFO]preprocess params：op=windows
[2020-03-05 01:37:44,547] db.py->select_one line:63 [INFO]db condition: SELECT param_response FROM relation WHERE url_interface="op/type/index" AND param_request="op=windows" AND status=1
[2020-03-05 01:37:44,548] mock_server.py->get_task line:34 [INFO]db result：{'data': {'param_response': "{'code': 0, 'message': 'success','data':[{'a':1},{'b':2}]}"}, 'message': '执行单条查询操作成功', 'code': '0000'}
[2020-03-05 01:37:45,354] mock_server.py->get_task line:24 [INFO]request params：op/type/index
[2020-03-05 01:37:45,355] mock_server.py->get_task line:32 [INFO]preprocess params：op=windows
[2020-03-05 01:37:45,355] db.py->select_one line:63 [INFO]db condition: SELECT param_response FROM relation WHERE url_interface="op/type/index" AND param_request="op=windows" AND status=1
[2020-03-05 01:37:45,358] mock_server.py->get_task line:34 [INFO]db result：{'data': {'param_response': "{'code': 0, 'message': 'success','data':[{'a':1},{'b':2}]}"}, 'message': '执行单条查询操作成功', 'code': '0000'}
[2020-03-05 01:37:45,525] mock_server.py->get_task line:24 [INFO]request params：op/type/index
[2020-03-05 01:37:45,525] mock_server.py->get_task line:32 [INFO]preprocess params：op=windows
[2020-03-05 01:37:45,525] db.py->select_one line:63 [INFO]db condition: SELECT param_response FROM relation WHERE url_interface="op/type/index" AND param_request="op=windows" AND status=1
[2020-03-05 01:37:45,526] mock_server.py->get_task line:34 [INFO]db result：{'data': {'param_response': "{'code': 0, 'message': 'success','data':[{'a':1},{'b':2}]}"}, 'message': '执行单条查询操作成功', 'code': '0000'}
[2020-03-05 01:37:45,706] mock_server.py->get_task line:24 [INFO]request params：op/type/index
[2020-03-05 01:37:45,706] mock_server.py->get_task line:32 [INFO]preprocess params：op=windows
[2020-03-05 01:37:45,706] db.py->select_one line:63 [INFO]db condition: SELECT param_response FROM relation WHERE url_interface="op/type/index" AND param_request="op=windows" AND status=1
[2020-03-05 01:37:45,707] mock_server.py->get_task line:34 [INFO]db result：{'data': {'param_response': "{'code': 0, 'message': 'success','data':[{'a':1},{'b':2}]}"}, 'message': '执行单条查询操作成功', 'code': '0000'}
[2020-03-05 01:37:45,934] mock_server.py->get_task line:24 [INFO]request params：op/type/index
[2020-03-05 01:37:45,935] mock_server.py->get_task line:32 [INFO]preprocess params：op=windows
[2020-03-05 01:37:45,936] db.py->select_one line:63 [INFO]db condition: SELECT param_response FROM relation WHERE url_interface="op/type/index" AND param_request="op=windows" AND status=1
[2020-03-05 01:37:45,938] mock_server.py->get_task line:34 [INFO]db result：{'data': {'param_response': "{'code': 0, 'message': 'success','data':[{'a':1},{'b':2}]}"}, 'message': '执行单条查询操作成功', 'code': '0000'}
[2020-03-05 23:26:43,413] db.py->__init__ line:38 [INFO]创建数据库连接失败|Mysql Error 2003: Can't connect to MySQL server on '192.168.0.106' (timed out)
[2020-03-05 23:26:55,699] db.py->__init__ line:38 [INFO]创建数据库连接失败|Mysql Error 2003: Can't connect to MySQL server on '192.168.0.106' (timed out)
[2020-03-05 23:36:10,961] mock_server.py->get_response_by_request line:22 [INFO]request params：op/type/index
[2020-03-05 23:36:10,963] mock_server.py->get_response_by_request line:30 [INFO]preprocess params：op=windows
[2020-03-05 23:36:10,963] db.py->select_one line:58 [INFO]db condition: SELECT param_response FROM relation WHERE url_interface="op/type/index" AND param_request="op=windows" AND status=1
[2020-03-05 23:36:10,966] mock_server.py->get_response_by_request line:33 [INFO]db result：{'message': '执行单条查询操作成功', 'code': '0000', 'data': {'param_response': "{'code': 0, 'message': 'success','data':[{'a':1},{'b':2}]}"}}
[2020-03-05 23:40:31,420] mock_server.py->get_response_by_request line:22 [INFO]request params：op/type/index
[2020-03-05 23:40:31,421] mock_server.py->get_response_by_request line:30 [INFO]preprocess params：op=windows
[2020-03-05 23:40:31,422] db.py->select_one line:58 [INFO]db condition: SELECT param_response FROM relation WHERE url_interface="op/type/index" AND param_request="op=windows" AND status=1
[2020-03-05 23:40:31,424] mock_server.py->get_response_by_request line:33 [INFO]db result：{'message': '执行单条查询操作成功', 'data': {'param_response': "{'code': 0, 'message': 'success','data':[{'a':1},{'b':2}]}"}, 'code': '0000'}
